Using pre-set license
Built from '2020.3/staging' branch; Version is '2020.3.0f1 (c7b5465681fb) revision 13088070'; Using compiler version '192528614'; Build Type 'Release'
OS: 'Windows 10 Home Single Language; OS build 22621.1413; Version 2009; 64bit' Language: 'es' Physical Memory: 15776 MB
BatchMode: 1, IsHumanControllingUs: 0, StartBugReporterOnCrash: 0, Is64bit: 1, IsPro: 0

 COMMAND LINE ARGUMENTS:
C:\Program Files\Unity\Hub\Editor\2020.3.0f1\Editor\Unity.exe
-adb2
-batchMode
-noUpm
-name
AssetImportWorker0
-projectPath
C:/Users/jonat/OneDrive/Documentos/Unity/Juego-2D-Unity
-logFile
Logs/AssetImportWorker0.log
-srvPort
53551
Successfully changed project path to: C:/Users/jonat/OneDrive/Documentos/Unity/Juego-2D-Unity
C:/Users/jonat/OneDrive/Documentos/Unity/Juego-2D-Unity
Using Asset Import Pipeline V2.
Refreshing native plugins compatible for Editor in 52.31 ms, found 1 plugins.
Preloading 0 native plugins for Editor in 0.00 ms.
Initialize engine version: 2020.3.0f1 (c7b5465681fb)
[Subsystems] Discovering subsystems at path C:/Program Files/Unity/Hub/Editor/2020.3.0f1/Editor/Data/Resources/UnitySubsystems
[Subsystems] Discovering subsystems at path C:/Users/jonat/OneDrive/Documentos/Unity/Juego-2D-Unity/Assets
GfxDevice: creating device client; threaded=0
Direct3D:
    Version:  Direct3D 11.0 [level 11.1]
    Renderer: NVIDIA GeForce RTX 3050 Laptop GPU (ID=0x25a2)
    Vendor:   
    VRAM:     3991 MB
    Driver:   31.0.15.1640
Initialize mono
Mono path[0] = 'C:/Program Files/Unity/Hub/Editor/2020.3.0f1/Editor/Data/Managed'
Mono path[1] = 'C:/Program Files/Unity/Hub/Editor/2020.3.0f1/Editor/Data/MonoBleedingEdge/lib/mono/unityjit'
Mono config path = 'C:/Program Files/Unity/Hub/Editor/2020.3.0f1/Editor/Data/MonoBleedingEdge/etc'
Using monoOptions --debugger-agent=transport=dt_socket,embedding=1,server=y,suspend=n,address=127.0.0.1:56940
Begin MonoManager ReloadAssembly
Registering precompiled unity dll's ...
Register platform support module: C:/Program Files/Unity/Hub/Editor/2020.3.0f1/Editor/Data/PlaybackEngines/WindowsStandaloneSupport/UnityEditor.WindowsStandalone.Extensions.dll
Registered in 0.001429 seconds.
Native extension for WindowsStandalone target not found
Refreshing native plugins compatible for Editor in 48.96 ms, found 1 plugins.
Preloading 0 native plugins for Editor in 0.00 ms.
Invoked RoslynAnalysisRunner static constructor.
RoslynAnalysisRunner will not be running.
RoslynAnalysisRunner has terminated.
Mono: successfully reloaded assembly
- Completed reload, in  1.027 seconds
Platform modules already initialized, skipping
Registering precompiled user dll's ...
Registered in 0.001357 seconds.
Begin MonoManager ReloadAssembly
Native extension for WindowsStandalone target not found
Refreshing native plugins compatible for Editor in 41.43 ms, found 1 plugins.
Preloading 0 native plugins for Editor in 0.00 ms.
Invoked RoslynAnalysisRunner static constructor.
RoslynAnalysisRunner will not be running.
RoslynAnalysisRunner has terminated.
Mono: successfully reloaded assembly
- Completed reload, in  0.759 seconds
Platform modules already initialized, skipping
========================================================================
Worker process is ready to serve import requests
Launched and connected shader compiler UnityShaderCompiler.exe after 0.07 seconds
Refreshing native plugins compatible for Editor in 0.90 ms, found 1 plugins.
Preloading 0 native plugins for Editor in 0.00 ms.
Unloading 1958 Unused Serialized files (Serialized files now loaded: 0)
System memory in use before: 92.3 MB.
System memory in use after: 92.2 MB.

Unloading 25 unused Assets to reduce memory usage. Loaded Objects now: 2400.
Total: 4.480200 ms (FindLiveObjects: 0.329200 ms CreateObjectMapping: 0.202800 ms MarkObjects: 3.550900 ms  DeleteObjects: 0.395700 ms)

========================================================================
Received Import Request.
  path: Assets/Animation/Player.controller
  artifactKey: Guid(17dbba00af6146441a001ac243007a27) Importer(815301076,1909f56bfc062723c751e8b465ee728b)
Start importing Assets/Animation/Player.controller using Guid(17dbba00af6146441a001ac243007a27) Importer(815301076,1909f56bfc062723c751e8b465ee728b)  -> (artifact id: 'ffd52e6a990982c9ca3ca94527facb90') in 0.093703 seconds
  Import took 0.099983 seconds .

========================================================================
Received Prepare
Refreshing native plugins compatible for Editor in 6.42 ms, found 1 plugins.
Preloading 0 native plugins for Editor in 0.00 ms.
Unloading 10 Unused Serialized files (Serialized files now loaded: 0)
System memory in use before: 53.6 MB.
System memory in use after: 53.6 MB.

Unloading 10 unused Assets to reduce memory usage. Loaded Objects now: 2400.
Total: 4.485400 ms (FindLiveObjects: 0.410600 ms CreateObjectMapping: 0.114500 ms MarkObjects: 3.846900 ms  DeleteObjects: 0.112100 ms)

========================================================================
Received Prepare
Registering precompiled user dll's ...
Registered in 0.001311 seconds.
Begin MonoManager ReloadAssembly
Native extension for WindowsStandalone target not found
Refreshing native plugins compatible for Editor in 0.74 ms, found 1 plugins.
Preloading 0 native plugins for Editor in 0.00 ms.
Invoked RoslynAnalysisRunner static constructor.
RoslynAnalysisRunner will not be running.
RoslynAnalysisRunner has terminated.
Mono: successfully reloaded assembly
- Completed reload, in  0.728 seconds
Platform modules already initialized, skipping
Refreshing native plugins compatible for Editor in 0.83 ms, found 1 plugins.
Preloading 0 native plugins for Editor in 0.00 ms.
Unloading 1950 Unused Serialized files (Serialized files now loaded: 0)
System memory in use before: 92.2 MB.
System memory in use after: 92.2 MB.

Unloading 13 unused Assets to reduce memory usage. Loaded Objects now: 2404.
Total: 3.132500 ms (FindLiveObjects: 0.373300 ms CreateObjectMapping: 0.112800 ms MarkObjects: 2.505200 ms  DeleteObjects: 0.140000 ms)

AssetImportWorkerClient::OnTransportError - code=2 error=End of file
